[debug] [2023-06-29T21:05:00.242Z] ----------------------------------------------------------------------
[debug] [2023-06-29T21:05:00.248Z] Command:       C:\Program Files\nodejs\node.exe C:\Users\ACER\AppData\Roaming\npm\node_modules\firebase-tools\lib\bin\firebase.js init
[debug] [2023-06-29T21:05:00.250Z] CLI Version:   12.4.2
[debug] [2023-06-29T21:05:00.251Z] Platform:      win32
[debug] [2023-06-29T21:05:00.252Z] Node Version:  v18.16.0
[debug] [2023-06-29T21:05:00.255Z] Time:          Thu Jun 29 2023 16:05:00 GMT-0500 (hora estándar de Perú)
[debug] [2023-06-29T21:05:00.256Z] ----------------------------------------------------------------------
[debug] 
[debug] [2023-06-29T21:05:00.423Z] > command requires scopes: ["email","openid","https://www.googleapis.com/auth/cloudplatformprojects.readonly","https://www.googleapis.com/auth/firebase","https://www.googleapis.com/auth/cloud-platform"]
[debug] [2023-06-29T21:05:00.424Z] > authorizing via signed-in user (alvarorhn16@gmail.com)
[info] 
     ######## #### ########  ######## ########     ###     ######  ########
     ##        ##  ##     ## ##       ##     ##  ##   ##  ##       ##
     ######    ##  ########  ######   ########  #########  ######  ######
     ##        ##  ##    ##  ##       ##     ## ##     ##       ## ##
     ##       #### ##     ## ######## ########  ##     ##  ######  ########

You're about to initialize a Firebase project in this directory:

  C:\Users\ACER\Documents\GitHub\SchoolBlogFrontend

Before we get started, keep in mind:

  * You are initializing within an existing Firebase project directory

[info] 
=== Project Setup
[info] 
[info] First, let's associate this project directory with a Firebase project.
[info] You can create multiple project aliases by running firebase use --add, 
[info] but for now we'll just set up a default project.
[info] 
[debug] [2023-06-29T21:05:07.635Z] Using project from CLI flag: scoolblog-5a151
[debug] [2023-06-29T21:05:07.639Z] >>> [apiv2][query] GET https://firebase.googleapis.com/v1beta1/projects/scoolblog-5a151 [none]
[debug] [2023-06-29T21:05:08.333Z] <<< [apiv2][status] GET https://firebase.googleapis.com/v1beta1/projects/scoolblog-5a151 200
[debug] [2023-06-29T21:05:08.334Z] <<< [apiv2][body] GET https://firebase.googleapis.com/v1beta1/projects/scoolblog-5a151 {"projectId":"scoolblog-5a151","projectNumber":"733424717493","displayName":"ScoolBlog","name":"projects/scoolblog-5a151","resources":{"hostingSite":"scoolblog-5a151"},"state":"ACTIVE","etag":"1_fd8dbeab-c1d6-4850-a112-63f11ed9d7d2"}
[info] i  Using project scoolblog-5a151 (ScoolBlog) 
[info] 
=== Hosting Setup
[info] 
[info] Your public directory is the folder (relative to your project directory) that
[info] will contain Hosting assets to be uploaded with firebase deploy. If you
[info] have a build process for your assets, use your build's output directory.
[info] 
[info] +  Wrote dist/school-blog/404.html 
[debug] [2023-06-29T21:05:21.637Z] >>> [apiv2][query] GET https://www.gstatic.com/firebasejs/releases.json [none]
[debug] [2023-06-29T21:05:21.828Z] <<< [apiv2][status] GET https://www.gstatic.com/firebasejs/releases.json 200
[debug] [2023-06-29T21:05:21.828Z] <<< [apiv2][body] GET https://www.gstatic.com/firebasejs/releases.json {"current":{"version":"9.23.0","browserURL":"https://www.gstatic.com/firebasejs/9.23.0/firebase.js","packageURL":"https://www.gstatic.com/firebasejs/9.23.0/firebase.tgz"},"live":{"version":"9.23","browserURL":"https://www.gstatic.com/firebasejs/live/9.23/firebase.js","packageURL":"https://www.gstatic.com/firebasejs/live/9.23/firebase.tgz"},"components":{"analytics":"https://www.gstatic.com/firebasejs/9.23.0/firebase-analytics.js","app":"https://www.gstatic.com/firebasejs/9.23.0/firebase-app.js","app-check":"https://www.gstatic.com/firebasejs/9.23.0/firebase-app-check.js","auth":"https://www.gstatic.com/firebasejs/9.23.0/firebase-auth.js","auth/cordova":"https://www.gstatic.com/firebasejs/9.23.0/firebase-auth/cordova.js","auth/react-native":"https://www.gstatic.com/firebasejs/9.23.0/firebase-auth/react-native.js","functions":"https://www.gstatic.com/firebasejs/9.23.0/firebase-functions.js","firestore":"https://www.gstatic.com/firebasejs/9.23.0/firebase-firestore.js","firestore/lite":"https://www.gstatic.com/firebasejs/9.23.0/firebase-firestore/lite.js","installations":"https://www.gstatic.com/firebasejs/9.23.0/firebase-installations.js","storage":"https://www.gstatic.com/firebasejs/9.23.0/firebase-storage.js","performance":"https://www.gstatic.com/firebasejs/9.23.0/firebase-performance.js","remote-config":"https://www.gstatic.com/firebasejs/9.23.0/firebase-remote-config.js","messaging":"https://www.gstatic.com/firebasejs/9.23.0/firebase-messaging.js","messaging/sw":"https://www.gstatic.com/firebasejs/9.23.0/firebase-messaging/sw.js","database":"https://www.gstatic.com/firebasejs/9.23.0/firebase-database.js","firestore.memory":"https://www.gstatic.com/firebasejs/9.23.0/firebase-firestore.memory.js"}}
[info] i  Skipping write of dist/school-blog/index.html 
[info] 
[info] i  Detected a .git folder at C:\Users\ACER\Documents\GitHub\SchoolBlogFrontend 
[info] i  Authorizing with GitHub to upload your service account to a GitHub repository's secrets store. 
[info] 
[info] Visit this URL on this device to log in:
[info] https://github.com/login/oauth/authorize?client_id=89cf50f02ac6aaed3484&state=222345806&redirect_uri=http%3A%2F%2Flocalhost%3A9005&scope=read%3Auser%20repo%20public_repo
[info] 
[info] Waiting for authentication...
[debug] [2023-06-29T21:05:34.429Z] >>> [apiv2][query] POST https://github.com/login/oauth/access_token [none]
[debug] [2023-06-29T21:05:34.430Z] >>> [apiv2][body] POST https://github.com/login/oauth/access_token [stream]
[debug] [2023-06-29T21:05:34.946Z] <<< [apiv2][status] POST https://github.com/login/oauth/access_token 200
[debug] [2023-06-29T21:05:34.947Z] <<< [apiv2][body] POST https://github.com/login/oauth/access_token {"access_token":"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","token_type":"bearer","scope":"read:user,repo"}
[debug] [2023-06-29T21:05:34.961Z] >>> [apiv2][query] GET https://api.github.com/user [none]
[debug] [2023-06-29T21:05:35.567Z] <<< [apiv2][status] GET https://api.github.com/user 200
[debug] [2023-06-29T21:05:35.567Z] <<< [apiv2][body] GET https://api.github.com/user {"login":"Rodrigo-Hidalgo-Nicho","id":89040394,"node_id":"MDQ6VXNlcjg5MDQwMzk0","avatar_url":"https://avatars.githubusercontent.com/u/89040394?v=4","gravatar_id":"","url":"https://api.github.com/users/Rodrigo-Hidalgo-Nicho","html_url":"https://github.com/Rodrigo-Hidalgo-Nicho","followers_url":"https://api.github.com/users/Rodrigo-Hidalgo-Nicho/followers","following_url":"https://api.github.com/users/Rodrigo-Hidalgo-Nicho/following{/other_user}","gists_url":"https://api.github.com/users/Rodrigo-Hidalgo-Nicho/gists{/gist_id}","starred_url":"https://api.github.com/users/Rodrigo-Hidalgo-Nicho/starred{/owner}{/repo}","subscriptions_url":"https://api.github.com/users/Rodrigo-Hidalgo-Nicho/subscriptions","organizations_url":"https://api.github.com/users/Rodrigo-Hidalgo-Nicho/orgs","repos_url":"https://api.github.com/users/Rodrigo-Hidalgo-Nicho/repos","events_url":"https://api.github.com/users/Rodrigo-Hidalgo-Nicho/events{/privacy}","received_events_url":"https://api.github.com/users/Rodrigo-Hidalgo-Nicho/received_events","type":"User","site_admin":false,"name":null,"company":null,"blog":"","location":null,"email":null,"hireable":null,"bio":null,"twitter_username":null,"public_repos":8,"public_gists":0,"followers":0,"following":0,"created_at":"2021-08-16T18:46:52Z","updated_at":"2023-05-05T15:55:56Z","private_gists":1,"total_private_repos":2,"owned_private_repos":2,"disk_usage":5308,"collaborators":3,"two_factor_authentication":false,"plan":{"name":"free","space":976562499,"collaborators":0,"private_repos":10000}}
[info] 
[info] +  Success! Logged into GitHub as Rodrigo-Hidalgo-Nicho 
[info] 
